e:\space\vs2015\pong\pong\debug\vc140.pdb
e:\space\vs2015\pong\pong\debug\vc140.idb
e:\space\vs2015\pong\pong\debug\01_hello_sdl.obj
e:\space\vs2015\pong\pong\debug\main.obj
e:\space\vs2015\pong\pong\debug\sdlengine.obj
e:\space\vs2015\pong\pong\debug\pongmaingame.obj
e:\space\vs2015\pong\pong\debug\quad.obj
e:\space\vs2015\pong\pong\debug\physicscomponents.obj
e:\space\vs2015\pong\pong\debug\graphiccomponents.obj
e:\space\vs2015\pong\pong\debug\playerinput.obj
e:\space\vs2015\pong\pong\debug\cpuinput.obj
e:\space\vs2015\pong\debug\pong.ilk
e:\space\vs2015\pong\debug\pong.exe
e:\space\vs2015\pong\debug\pong.pdb
e:\space\vs2015\pong\pong\debug\pong.tlog\cl.command.1.tlog
e:\space\vs2015\pong\pong\debug\pong.tlog\cl.read.1.tlog
e:\space\vs2015\pong\pong\debug\pong.tlog\cl.write.1.tlog
e:\space\vs2015\pong\pong\debug\pong.tlog\link.command.1.tlog
e:\space\vs2015\pong\pong\debug\pong.tlog\link.read.1.tlog
e:\space\vs2015\pong\pong\debug\pong.tlog\link.write.1.tlog
